[debug] [2022-08-19T09:07:16.260Z] ----------------------------------------------------------------------
[debug] [2022-08-19T09:07:16.262Z] Command:       C:\Program Files\nodejs\node.exe C:\Users\SHADHIN\AppData\Roaming\npm\node_modules\firebase-tools\lib\bin\firebase.js init
[debug] [2022-08-19T09:07:16.263Z] CLI Version:   11.0.1
[debug] [2022-08-19T09:07:16.263Z] Platform:      win32
[debug] [2022-08-19T09:07:16.263Z] Node Version:  v16.15.0
[debug] [2022-08-19T09:07:16.264Z] Time:          Fri Aug 19 2022 15:07:16 GMT+0600 (Bangladesh Standard Time)
[debug] [2022-08-19T09:07:16.264Z] ----------------------------------------------------------------------
[debug] 
[debug] [2022-08-19T09:07:16.267Z] >>> [apiv2][query] GET https://firebase-public.firebaseio.com/cli.json [none]
[debug] [2022-08-19T09:07:16.360Z] > command requires scopes: ["email","openid","https://www.googleapis.com/auth/cloudplatformprojects.readonly","https://www.googleapis.com/auth/firebase","https://www.googleapis.com/auth/cloud-platform"]
[debug] [2022-08-19T09:07:16.360Z] > authorizing via signed-in user (shadhinahmed80@gmail.com)
[info] 
     ######## #### ########  ######## ########     ###     ######  ########
     ##        ##  ##     ## ##       ##     ##  ##   ##  ##       ##
     ######    ##  ########  ######   ########  #########  ######  ######
     ##        ##  ##    ##  ##       ##     ## ##     ##       ## ##
     ##       #### ##     ## ######## ########  ##     ##  ######  ########

You're about to initialize a Firebase project in this directory:

  C:\Users\SHADHIN\Pro-hero\book-store

Before we get started, keep in mind:

  * You are initializing within an existing Firebase project directory

[debug] [2022-08-19T09:07:17.123Z] <<< [apiv2][status] GET https://firebase-public.firebaseio.com/cli.json 200
[debug] [2022-08-19T09:07:17.124Z] <<< [apiv2][body] GET https://firebase-public.firebaseio.com/cli.json {"cloudBuildErrorAfter":1594252800000,"cloudBuildWarnAfter":1590019200000,"defaultNode10After":1594252800000,"minVersion":"3.0.5","node8DeploysDisabledAfter":1613390400000,"node8RuntimeDisabledAfter":1615809600000,"node8WarnAfter":1600128000000}
[debug] [2022-08-19T09:08:24.332Z] ----------------------------------------------------------------------
[debug] [2022-08-19T09:08:24.334Z] Command:       C:\Program Files\nodejs\node.exe C:\Users\SHADHIN\AppData\Roaming\npm\node_modules\firebase-tools\lib\bin\firebase.js deploy
[debug] [2022-08-19T09:08:24.334Z] CLI Version:   11.0.1
[debug] [2022-08-19T09:08:24.335Z] Platform:      win32
[debug] [2022-08-19T09:08:24.335Z] Node Version:  v16.15.0
[debug] [2022-08-19T09:08:24.336Z] Time:          Fri Aug 19 2022 15:08:24 GMT+0600 (Bangladesh Standard Time)
[debug] [2022-08-19T09:08:24.336Z] ----------------------------------------------------------------------
[debug] 
[debug] [2022-08-19T09:08:24.415Z] > command requires scopes: ["email","openid","https://www.googleapis.com/auth/cloudplatformprojects.readonly","https://www.googleapis.com/auth/firebase","https://www.googleapis.com/auth/cloud-platform"]
[debug] [2022-08-19T09:08:24.415Z] > authorizing via signed-in user (shadhinahmed80@gmail.com)
[debug] [2022-08-19T09:08:24.416Z] [iam] checking project the-online-bookshop for permissions ["firebase.projects.get","firebasehosting.sites.update"]
[debug] [2022-08-19T09:08:24.417Z] > refreshing access token with scopes: []
[debug] [2022-08-19T09:08:24.418Z] >>> HTTP REQUEST POST https://www.googleapis.com/oauth2/v3/token  
 <request body omitted>
[debug] [2022-08-19T09:08:24.732Z] <<< HTTP RESPONSE 200 {"date":"Fri, 19 Aug 2022 09:08:25 GMT","pragma":"no-cache","cache-control":"no-cache, no-store, max-age=0, must-revalidate","expires":"Mon, 01 Jan 1990 00:00:00 GMT","content-type":"application/json; charset=utf-8","vary":"X-Origin, Referer, Origin,Accept-Encoding","server":"scaffolding on HTTPServer2","x-xss-protection":"0","x-frame-options":"SAMEORIGIN","x-content-type-options":"nosniff","alt-svc":"h3=\":443\"; ma=2592000,h3-29=\":443\"; ma=2592000,h3-Q050=\":443\"; ma=2592000,h3-Q046=\":443\"; ma=2592000,h3-Q043=\":443\"; ma=2592000,quic=\":443\"; ma=2592000; v=\"46,43\"","accept-ranges":"none","transfer-encoding":"chunked"}
[debug] [2022-08-19T09:08:24.767Z] >>> [apiv2][query] POST https://cloudresourcemanager.googleapis.com/v1/projects/the-online-bookshop:testIamPermissions [none]
[debug] [2022-08-19T09:08:24.768Z] >>> [apiv2][body] POST https://cloudresourcemanager.googleapis.com/v1/projects/the-online-bookshop:testIamPermissions {"permissions":["firebase.projects.get","firebasehosting.sites.update"]}
[debug] [2022-08-19T09:08:25.407Z] <<< [apiv2][status] POST https://cloudresourcemanager.googleapis.com/v1/projects/the-online-bookshop:testIamPermissions 200
[debug] [2022-08-19T09:08:25.407Z] <<< [apiv2][body] POST https://cloudresourcemanager.googleapis.com/v1/projects/the-online-bookshop:testIamPermissions {}
[debug] [2022-08-19T09:08:25.408Z] [iam] error while checking permissions, command may fail: FirebaseError: Authorization failed. This account is missing the following required permissions on project the-online-bookshop:

  firebase.projects.get
  firebasehosting.sites.update
[debug] [2022-08-19T09:08:25.409Z] >>> [apiv2][query] GET https://firebase.googleapis.com/v1beta1/projects/the-online-bookshop [none]
[debug] [2022-08-19T09:08:25.959Z] <<< [apiv2][status] GET https://firebase.googleapis.com/v1beta1/projects/the-online-bookshop 403
[debug] [2022-08-19T09:08:25.960Z] <<< [apiv2][body] GET https://firebase.googleapis.com/v1beta1/projects/the-online-bookshop {"error":{"code":403,"message":"The caller does not have permission","status":"PERMISSION_DENIED"}}
[debug] [2022-08-19T09:08:25.962Z] HTTP Error: 403, The caller does not have permission
[debug] [2022-08-19T09:08:26.222Z] FirebaseError: HTTP Error: 403, The caller does not have permission
    at module.exports (C:\Users\SHADHIN\AppData\Roaming\npm\node_modules\firebase-tools\lib\responseToError.js:47:12)
    at RetryOperation._fn (C:\Users\SHADHIN\AppData\Roaming\npm\node_modules\firebase-tools\lib\apiv2.js:286:39)
    at processTicksAndRejections (node:internal/process/task_queues:96:5)
[error] 
[error] Error: Failed to get Firebase project the-online-bookshop. Please make sure the project exists and your account has permission to access it.
